2024-01-07 17:35:30,318 __main__ (lichess-bot.py:1026) INFO 
    .   _/|
    .  // o\
    .  || ._)  lichess-bot 2024.1.5.1
    .  //__\
    .  )___(   Play on Lichess with a bot
    
2024-01-07 17:35:30,348 config (config.py:261) DEBUG Config:
token: logger
url: https://lichess.org/
engine:
  dir: ./engines/
  name: CustomEngine
  working_dir: ''
  protocol: homemade
  ponder: true
  polyglot:
    enabled: false
    book:
      standard:
      - engines/book1.bin
      - engines/book2.bin
    min_weight: 1
    selection: weighted_random
    max_depth: 20
  draw_or_resign:
    resign_enabled: false
    resign_score: -1000
    resign_for_egtb_minus_two: true
    resign_moves: 3
    offer_draw_enabled: false
    offer_draw_score: 0
    offer_draw_for_egtb_zero: true
    offer_draw_moves: 10
    offer_draw_pieces: 10
  online_moves:
    max_out_of_book_moves: 10
    max_retries: 2
    chessdb_book:
      enabled: false
      min_time: 20
      move_quality: good
      min_depth: 20
    lichess_cloud_analysis:
      enabled: false
      min_time: 20
      move_quality: best
      max_score_difference: 50
      min_depth: 20
      min_knodes: 0
    lichess_opening_explorer:
      enabled: false
      min_time: 20
      source: masters
      player_name: ''
      sort: winrate
      min_games: 10
    online_egtb:
      enabled: false
      min_time: 20
      max_pieces: 7
      source: lichess
      move_quality: best
  lichess_bot_tbs:
    syzygy:
      enabled: false
      paths:
      - engines/syzygy
      max_pieces: 7
      move_quality: best
    gaviota:
      enabled: false
      paths:
      - engines/gaviota
      max_pieces: 5
      min_dtm_to_consider_as_wdl_1: 120
      move_quality: best
  homemade_options: null
  uci_options:
    Move Overhead: 100
    Threads: 4
    Hash: 512
    SyzygyPath: ./syzygy/
    UCI_ShowWDL: true
  silence_stderr: false
abort_time: 30
fake_think_time: false
rate_limiting_delay: 0
move_overhead: 2000
correspondence:
  move_time: 60
  checkin_period: 300
  disconnect_time: 150
  ponder: false
challenge:
  concurrency: 1
  sort_by: best
  accept_bot: true
  only_bot: false
  max_increment: 5
  min_increment: 0
  max_base: 600
  min_base: 0
  max_days: 14
  min_days: 1
  variants:
  - standard
  time_controls:
  - blitz
  modes:
  - rated
  max_recent_bot_challenges: 2
  bullet_requires_increment: false
greeting:
  hello: Hi! I'm {me}. Good luck!
  goodbye: Good game!
  hello_spectators: Hi! I'm {me}.
  goodbye_spectators: Thanks for watching!
  pgn_directory: game_records
  pgn_file_grouping: game
matchmaking:
  allow_matchmaking: true
  challenge_variant: random
  challenge_timeout: 1
  challenge_initial_time:
  - 300
  challenge_increment:
  - 0
  opponent_rating_difference: 1000
  rating_preference: none
  opponent_allow_tos_violation: false
  challenge_mode: rated
  challenge_filter: coarse

2024-01-07 17:35:30,350 config (config.py:262) DEBUG ====================
2024-01-07 17:35:30,356 config (config.py:261) DEBUG Config:
token: logger
url: https://lichess.org/
engine:
  dir: ./engines/
  name: CustomEngine
  working_dir: E:\programming and shit\chess\chessbot
  protocol: homemade
  ponder: true
  polyglot:
    enabled: false
    book:
      standard:
      - engines/book1.bin
      - engines/book2.bin
    min_weight: 1
    selection: weighted_random
    max_depth: 20
  draw_or_resign:
    resign_enabled: false
    resign_score: -1000
    resign_for_egtb_minus_two: true
    resign_moves: 3
    offer_draw_enabled: false
    offer_draw_score: 0
    offer_draw_for_egtb_zero: true
    offer_draw_moves: 10
    offer_draw_pieces: 10
  online_moves:
    max_out_of_book_moves: 10
    max_retries: 2
    chessdb_book:
      enabled: false
      min_time: 20
      move_quality: good
      min_depth: 20
    lichess_cloud_analysis:
      enabled: false
      min_time: 20
      move_quality: best
      max_score_difference: 50
      min_depth: 20
      min_knodes: 0
    lichess_opening_explorer:
      enabled: false
      min_time: 20
      source: masters
      player_name: ''
      sort: winrate
      min_games: 10
    online_egtb:
      enabled: false
      min_time: 20
      max_pieces: 7
      source: lichess
      move_quality: best
    max_depth: .inf
  lichess_bot_tbs:
    syzygy:
      enabled: false
      paths:
      - engines/syzygy
      max_pieces: 7
      move_quality: best
    gaviota:
      enabled: false
      paths:
      - engines/gaviota
      max_pieces: 5
      min_dtm_to_consider_as_wdl_1: 120
      move_quality: best
  homemade_options: null
  uci_options:
    Move Overhead: 100
    Threads: 4
    Hash: 512
    SyzygyPath: ./syzygy/
    UCI_ShowWDL: true
  silence_stderr: false
  uci_ponder: false
abort_time: 30
fake_think_time: false
rate_limiting_delay: 0
move_overhead: 2000
correspondence:
  move_time: 60
  checkin_period: 300
  disconnect_time: 150
  ponder: false
  uci_ponder: false
challenge:
  concurrency: 1
  sort_by: best
  accept_bot: true
  only_bot: false
  max_increment: 5
  min_increment: 0
  max_base: 600
  min_base: 0
  max_days: 14
  min_days: 1
  variants:
  - standard
  time_controls:
  - blitz
  modes:
  - rated
  max_recent_bot_challenges: 2
  bullet_requires_increment: false
  block_list: []
  allow_list: []
greeting:
  hello: Hi! I'm {me}. Good luck!
  goodbye: Good game!
  hello_spectators: Hi! I'm {me}.
  goodbye_spectators: Thanks for watching!
  pgn_directory: game_records
  pgn_file_grouping: game
matchmaking:
  allow_matchmaking: true
  challenge_variant: random
  challenge_timeout: 1
  challenge_initial_time:
  - 300
  challenge_increment:
  - 0
  opponent_rating_difference: 1000
  rating_preference: none
  opponent_allow_tos_violation: false
  challenge_mode: rated
  challenge_filter: coarse
  block_list: []
  challenge_days:
  - null
  opponent_min_rating: 600
  opponent_max_rating: 4000
  overrides: {}
pgn_file_grouping: game

2024-01-07 17:35:30,356 config (config.py:262) DEBUG ====================
2024-01-07 17:35:30,357 __main__ (lichess-bot.py:1029) INFO Checking engine configuration ...
2024-01-07 17:35:30,366 engine_wrapper (engine_wrapper.py:67) DEBUG Starting engine: ['E:\\programming and shit\\chess\\chessbot\\engines\\CustomEngine']
2024-01-07 17:35:30,366 __main__ (lichess-bot.py:1032) INFO Engine configuration OK
2024-01-07 17:35:30,370 urllib3.connectionpool (connectionpool.py:1052) DEBUG Starting new HTTPS connection (1): lichess.org:443
2024-01-07 17:35:30,464 urllib3.connectionpool (connectionpool.py:546) DEBUG https://lichess.org:443 "POST /api/token/test HTTP/1.1" 200 None
2024-01-07 17:35:30,492 urllib3.connectionpool (connectionpool.py:546) DEBUG https://lichess.org:443 "GET /api/account HTTP/1.1" 200 None
2024-01-07 17:35:30,493 __main__ (lichess-bot.py:1041) INFO Welcome BeepDuel!
2024-01-07 17:35:30,494 __main__ (lichess-bot.py:209) INFO You're now connected to https://lichess.org/ and awaiting challenges.
2024-01-07 17:35:31,150 urllib3.connectionpool (connectionpool.py:546) DEBUG https://lichess.org:443 "GET /api/account/playing HTTP/1.1" 200 17
2024-01-07 17:35:31,156 matchmaking (matchmaking.py:273) INFO Next challenge will be created after 17:36:31 (98 challenges in last 24 hours)
2024-01-07 17:36:32,213 matchmaking (matchmaking.py:252) INFO Challenging a random bot
2024-01-07 17:36:32,214 matchmaking (matchmaking.py:170) INFO Using the default matchmaking configuration.
2024-01-07 17:36:32,214 matchmaking (matchmaking.py:198) INFO Seeking blitz game with opponent rating in [-267, 1733] ...
2024-01-07 17:36:32,216 urllib3.connectionpool (connectionpool.py:292) DEBUG Resetting dropped connection: lichess.org
2024-01-07 17:36:32,319 urllib3.connectionpool (connectionpool.py:546) DEBUG https://lichess.org:443 "GET /api/bot/online HTTP/1.1" 200 None
2024-01-07 17:36:35,172 urllib3.connectionpool (connectionpool.py:546) DEBUG https://lichess.org:443 "GET /api/user/munfish HTTP/1.1" 200 None
2024-01-07 17:36:35,173 matchmaking (matchmaking.py:255) INFO Will challenge munfish for a standard game.
2024-01-07 17:36:35,205 urllib3.connectionpool (connectionpool.py:546) DEBUG https://lichess.org:443 "POST /api/challenge/munfish HTTP/1.1" 200 None
2024-01-07 17:36:35,205 matchmaking (matchmaking.py:257) INFO Challenge id is aftpxHLm.
2024-01-07 17:36:35,206 __main__ (lichess-bot.py:373) DEBUG Event: {'type': 'challenge', 'challenge': {'id': 'aftpxHLm', 'url': 'https://lichess.org/aftpxHLm', 'status': 'created', 'challenger': {'id': 'beepduel', 'name': 'BeepDuel', 'rating': 733, 'title': 'BOT', 'online': True, 'lag': 4}, 'destUser': {'id': 'munfish', 'name': 'munfish', 'rating': 1516, 'title': 'BOT', 'online': True}, 'variant': {'key': 'standard', 'name': 'Standard', 'short': 'Std'}, 'rated': True, 'speed': 'blitz', 'timeControl': {'type': 'clock', 'limit': 300, 'increment': 0, 'show': '5+0'}, 'color': 'random', 'finalColor': 'white', 'perf': {'icon': '\ue01d', 'name': 'Blitz'}}, 'compat': {'bot': True, 'board': True}}
2024-01-07 17:36:35,258 __main__ (lichess-bot.py:373) DEBUG Event: {'type': 'gameStart', 'game': {'fullId': 'aftpxHLmYYWA', 'gameId': 'aftpxHLm', 'fen': 'rnbqkbnr/pppppppp/8/8/8/8/PPPPPPPP/RNBQKBNR w KQkq - 0 1', 'color': 'white', 'lastMove': '', 'source': 'friend', 'status': {'id': 20, 'name': 'started'}, 'variant': {'key': 'standard', 'name': 'Standard'}, 'speed': 'blitz', 'perf': 'blitz', 'rated': True, 'hasMoved': False, 'opponent': {'id': 'munfish', 'username': 'BOT munfish', 'rating': 1516}, 'isMyTurn': True, 'secondsLeft': 300, 'compat': {'bot': True, 'board': True}, 'id': 'aftpxHLm'}}
2024-01-07 17:36:35,259 __main__ (lichess-bot.py:257) INFO --- Process Used. Count: 1. IDs: {'aftpxHLm'}
2024-01-07 17:36:35,270 urllib3.connectionpool (connectionpool.py:1052) DEBUG Starting new HTTPS connection (1): lichess.org:443
2024-01-07 17:36:35,365 urllib3.connectionpool (connectionpool.py:546) DEBUG https://lichess.org:443 "GET /api/bot/game/stream/aftpxHLm HTTP/1.1" 200 None
2024-01-07 17:36:35,366 __mp_main__ (lichess-bot.py:575) DEBUG Initial state: {'id': 'aftpxHLm', 'variant': {'key': 'standard', 'name': 'Standard', 'short': 'Std'}, 'speed': 'blitz', 'perf': {'name': 'Blitz'}, 'rated': True, 'createdAt': 1704645397358, 'white': {'id': 'beepduel', 'name': 'BeepDuel', 'title': 'BOT', 'rating': 733}, 'black': {'id': 'munfish', 'name': 'munfish', 'title': 'BOT', 'rating': 1516}, 'initialFen': 'startpos', 'clock': {'initial': 300000, 'increment': 0}, 'type': 'gameFull', 'state': {'type': 'gameState', 'moves': '', 'wtime': 300000, 'btime': 300000, 'winc': 0, 'binc': 0, 'status': 'started'}}
2024-01-07 17:36:35,370 engine_wrapper (engine_wrapper.py:67) DEBUG Starting engine: ['E:\\programming and shit\\chess\\chessbot\\engines\\CustomEngine']
2024-01-07 17:36:35,371 __mp_main__ (lichess-bot.py:581) DEBUG The engine for game aftpxHLm has pid=?
2024-01-07 17:36:35,371 __mp_main__ (lichess-bot.py:584) INFO +++ https://lichess.org/aftpxHLm/white Blitz vs BOT munfish (1516) (aftpxHLm)
2024-01-07 17:36:35,371 conversation (conversation.py:83) INFO *** https://lichess.org/aftpxHLm/white [player] BeepDuel: Hi! I'm BeepDuel. Good luck!
2024-01-07 17:36:35,372 urllib3.connectionpool (connectionpool.py:1052) DEBUG Starting new HTTPS connection (2): lichess.org:443
2024-01-07 17:36:35,455 urllib3.connectionpool (connectionpool.py:546) DEBUG https://lichess.org:443 "POST /api/bot/game/aftpxHLm/chat HTTP/1.1" 200 11
2024-01-07 17:36:35,455 conversation (conversation.py:83) INFO *** https://lichess.org/aftpxHLm/white [spectator] BeepDuel: Hi! I'm BeepDuel.
2024-01-07 17:36:35,480 urllib3.connectionpool (connectionpool.py:546) DEBUG https://lichess.org:443 "POST /api/bot/game/aftpxHLm/chat HTTP/1.1" 200 11
2024-01-07 17:36:35,480 __mp_main__ (lichess-bot.py:691) INFO 
2024-01-07 17:36:35,480 __mp_main__ (lichess-bot.py:692) INFO move: 1
2024-01-07 17:36:35,481 engine_wrapper (engine_wrapper.py:652) INFO Searching for time 10 seconds for game aftpxHLm
2024-01-07 17:36:35,481 engine_wrapper (engine_wrapper.py:297) INFO Source: Engine
2024-01-07 17:36:35,507 urllib3.connectionpool (connectionpool.py:546) DEBUG https://lichess.org:443 "POST /api/bot/game/aftpxHLm/move/g1f3?offeringDraw=false HTTP/1.1" 200 11
2024-01-07 17:36:35,508 __mp_main__ (lichess-bot.py:700) DEBUG Game state: {'type': 'chatLine', 'room': 'player', 'username': 'BeepDuel', 'text': "Hi! I'm BeepDuel. Good luck!"}
2024-01-07 17:36:35,508 conversation (conversation.py:42) INFO *** https://lichess.org/aftpxHLm/white [player] BeepDuel: Hi! I'm BeepDuel. Good luck!
2024-01-07 17:36:35,508 __mp_main__ (lichess-bot.py:700) DEBUG Game state: {'type': 'chatLine', 'room': 'spectator', 'username': 'BeepDuel', 'text': "Hi! I'm BeepDuel."}
2024-01-07 17:36:35,509 conversation (conversation.py:42) INFO *** https://lichess.org/aftpxHLm/white [spectator] BeepDuel: Hi! I'm BeepDuel.
2024-01-07 17:36:35,509 __mp_main__ (lichess-bot.py:700) DEBUG Game state: {'type': 'gameState', 'moves': 'g1f3', 'wtime': 300000, 'btime': 300000, 'winc': 0, 'binc': 0, 'status': 'started'}
2024-01-07 17:36:35,747 __mp_main__ (lichess-bot.py:700) DEBUG Game state: {'type': 'gameState', 'moves': 'g1f3 b8c6', 'wtime': 300000, 'btime': 300000, 'winc': 0, 'binc': 0, 'status': 'started'}
2024-01-07 17:36:35,748 __mp_main__ (lichess-bot.py:691) INFO 
2024-01-07 17:36:35,748 __mp_main__ (lichess-bot.py:692) INFO move: 2
2024-01-07 17:36:35,749 engine_wrapper (engine_wrapper.py:674) INFO Searching for wtime 297999 btime 300000 for game aftpxHLm
2024-01-07 17:36:35,749 engine_wrapper (engine_wrapper.py:297) INFO Source: Engine
2024-01-07 17:36:35,773 urllib3.connectionpool (connectionpool.py:546) DEBUG https://lichess.org:443 "POST /api/bot/game/aftpxHLm/move/e2e3?offeringDraw=false HTTP/1.1" 200 11
2024-01-07 17:36:35,774 __mp_main__ (lichess-bot.py:700) DEBUG Game state: {'type': 'gameState', 'moves': 'g1f3 b8c6 e2e3', 'wtime': 299970, 'btime': 300000, 'winc': 0, 'binc': 0, 'status': 'started'}
2024-01-07 17:36:36,204 __mp_main__ (lichess-bot.py:700) DEBUG Game state: {'type': 'gameState', 'moves': 'g1f3 b8c6 e2e3 e7e5', 'wtime': 299970, 'btime': 299570, 'winc': 0, 'binc': 0, 'status': 'started'}
2024-01-07 17:36:36,205 __mp_main__ (lichess-bot.py:691) INFO 
2024-01-07 17:36:36,205 __mp_main__ (lichess-bot.py:692) INFO move: 3
2024-01-07 17:36:36,206 engine_wrapper (engine_wrapper.py:674) INFO Searching for wtime 297969 btime 299570 for game aftpxHLm
2024-01-07 17:36:36,207 engine_wrapper (engine_wrapper.py:297) INFO Source: Engine
2024-01-07 17:36:36,233 urllib3.connectionpool (connectionpool.py:546) DEBUG https://lichess.org:443 "POST /api/bot/game/aftpxHLm/move/f3g1?offeringDraw=false HTTP/1.1" 200 11
2024-01-07 17:36:36,235 __mp_main__ (lichess-bot.py:700) DEBUG Game state: {'type': 'gameState', 'moves': 'g1f3 b8c6 e2e3 e7e5 f3g1', 'wtime': 299940, 'btime': 299570, 'winc': 0, 'binc': 0, 'status': 'started'}
2024-01-07 17:36:37,330 __mp_main__ (lichess-bot.py:700) DEBUG Game state: {'type': 'gameState', 'moves': 'g1f3 b8c6 e2e3 e7e5 f3g1 g8f6', 'wtime': 299940, 'btime': 298480, 'winc': 0, 'binc': 0, 'status': 'started'}
2024-01-07 17:36:37,331 __mp_main__ (lichess-bot.py:691) INFO 
2024-01-07 17:36:37,331 __mp_main__ (lichess-bot.py:692) INFO move: 4
2024-01-07 17:36:37,332 engine_wrapper (engine_wrapper.py:674) INFO Searching for wtime 297939 btime 298480 for game aftpxHLm
2024-01-07 17:36:37,333 engine_wrapper (engine_wrapper.py:297) INFO Source: Engine
2024-01-07 17:36:37,358 urllib3.connectionpool (connectionpool.py:546) DEBUG https://lichess.org:443 "POST /api/bot/game/aftpxHLm/move/e1e2?offeringDraw=false HTTP/1.1" 200 11
2024-01-07 17:36:37,359 __mp_main__ (lichess-bot.py:700) DEBUG Game state: {'type': 'gameState', 'moves': 'g1f3 b8c6 e2e3 e7e5 f3g1 g8f6 e1e2', 'wtime': 299910, 'btime': 298480, 'winc': 0, 'binc': 0, 'status': 'started'}
2024-01-07 17:36:37,764 __mp_main__ (lichess-bot.py:700) DEBUG Game state: {'type': 'gameState', 'moves': 'g1f3 b8c6 e2e3 e7e5 f3g1 g8f6 e1e2 f8d6', 'wtime': 299910, 'btime': 298070, 'winc': 0, 'binc': 0, 'status': 'started'}
2024-01-07 17:36:37,765 __mp_main__ (lichess-bot.py:691) INFO 
2024-01-07 17:36:37,765 __mp_main__ (lichess-bot.py:692) INFO move: 5
2024-01-07 17:36:37,765 engine_wrapper (engine_wrapper.py:674) INFO Searching for wtime 297910 btime 298070 for game aftpxHLm
2024-01-07 17:36:37,766 engine_wrapper (engine_wrapper.py:297) INFO Source: Engine
2024-01-07 17:36:37,790 urllib3.connectionpool (connectionpool.py:546) DEBUG https://lichess.org:443 "POST /api/bot/game/aftpxHLm/move/e2d3?offeringDraw=false HTTP/1.1" 200 11
2024-01-07 17:36:37,791 __mp_main__ (lichess-bot.py:700) DEBUG Game state: {'type': 'gameState', 'moves': 'g1f3 b8c6 e2e3 e7e5 f3g1 g8f6 e1e2 f8d6 e2d3', 'wtime': 299880, 'btime': 298070, 'winc': 0, 'binc': 0, 'status': 'started'}
2024-01-07 17:36:38,204 __mp_main__ (lichess-bot.py:700) DEBUG Game state: {'type': 'gameState', 'moves': 'g1f3 b8c6 e2e3 e7e5 f3g1 g8f6 e1e2 f8d6 e2d3 e5e4', 'wtime': 299880, 'btime': 297660, 'winc': 0, 'binc': 0, 'status': 'started'}
2024-01-07 17:36:38,205 __mp_main__ (lichess-bot.py:691) INFO 
2024-01-07 17:36:38,206 __mp_main__ (lichess-bot.py:692) INFO move: 6
2024-01-07 17:36:38,206 engine_wrapper (engine_wrapper.py:674) INFO Searching for wtime 297879 btime 297660 for game aftpxHLm
2024-01-07 17:36:38,207 engine_wrapper (engine_wrapper.py:297) INFO Source: Engine
2024-01-07 17:36:38,235 urllib3.connectionpool (connectionpool.py:546) DEBUG https://lichess.org:443 "POST /api/bot/game/aftpxHLm/move/d3c3?offeringDraw=false HTTP/1.1" 200 11
2024-01-07 17:36:38,236 __mp_main__ (lichess-bot.py:700) DEBUG Game state: {'type': 'gameState', 'moves': 'g1f3 b8c6 e2e3 e7e5 f3g1 g8f6 e1e2 f8d6 e2d3 e5e4 d3c3', 'wtime': 299850, 'btime': 297660, 'winc': 0, 'binc': 0, 'status': 'started'}
2024-01-07 17:36:39,393 __mp_main__ (lichess-bot.py:700) DEBUG Game state: {'type': 'gameState', 'moves': 'g1f3 b8c6 e2e3 e7e5 f3g1 g8f6 e1e2 f8d6 e2d3 e5e4 d3c3 f6d5', 'wtime': 299850, 'btime': 296500, 'winc': 0, 'binc': 0, 'status': 'started'}
2024-01-07 17:36:39,395 __mp_main__ (lichess-bot.py:691) INFO 
2024-01-07 17:36:39,395 __mp_main__ (lichess-bot.py:692) INFO move: 7
2024-01-07 17:36:39,396 engine_wrapper (engine_wrapper.py:674) INFO Searching for wtime 297849 btime 296500 for game aftpxHLm
2024-01-07 17:36:39,397 engine_wrapper (engine_wrapper.py:297) INFO Source: Engine
2024-01-07 17:36:39,425 urllib3.connectionpool (connectionpool.py:546) DEBUG https://lichess.org:443 "POST /api/bot/game/aftpxHLm/move/c3b3?offeringDraw=false HTTP/1.1" 200 11
2024-01-07 17:36:39,426 __mp_main__ (lichess-bot.py:700) DEBUG Game state: {'type': 'gameState', 'moves': 'g1f3 b8c6 e2e3 e7e5 f3g1 g8f6 e1e2 f8d6 e2d3 e5e4 d3c3 f6d5 c3b3', 'wtime': 299820, 'btime': 296500, 'winc': 0, 'binc': 0, 'status': 'started'}
2024-01-07 17:36:42,734 __mp_main__ (lichess-bot.py:700) DEBUG Game state: {'type': 'gameState', 'moves': 'g1f3 b8c6 e2e3 e7e5 f3g1 g8f6 e1e2 f8d6 e2d3 e5e4 d3c3 f6d5 c3b3 e8g8', 'wtime': 299820, 'btime': 293190, 'winc': 0, 'binc': 0, 'status': 'started'}
2024-01-07 17:36:42,736 __mp_main__ (lichess-bot.py:691) INFO 
2024-01-07 17:36:42,736 __mp_main__ (lichess-bot.py:692) INFO move: 8
2024-01-07 17:36:42,737 engine_wrapper (engine_wrapper.py:674) INFO Searching for wtime 297819 btime 293190 for game aftpxHLm
2024-01-07 17:36:42,739 engine_wrapper (engine_wrapper.py:297) INFO Source: Engine
2024-01-07 17:36:42,768 urllib3.connectionpool (connectionpool.py:546) DEBUG https://lichess.org:443 "POST /api/bot/game/aftpxHLm/move/d1e1?offeringDraw=false HTTP/1.1" 200 11
2024-01-07 17:36:42,768 __mp_main__ (lichess-bot.py:700) DEBUG Game state: {'type': 'gameState', 'moves': 'g1f3 b8c6 e2e3 e7e5 f3g1 g8f6 e1e2 f8d6 e2d3 e5e4 d3c3 f6d5 c3b3 e8g8 d1e1', 'wtime': 299790, 'btime': 293190, 'winc': 0, 'binc': 0, 'status': 'started'}
2024-01-07 17:36:45,991 __mp_main__ (lichess-bot.py:700) DEBUG Game state: {'type': 'gameState', 'moves': 'g1f3 b8c6 e2e3 e7e5 f3g1 g8f6 e1e2 f8d6 e2d3 e5e4 d3c3 f6d5 c3b3 e8g8 d1e1 f8e8', 'wtime': 299790, 'btime': 289970, 'winc': 0, 'binc': 0, 'status': 'started'}
2024-01-07 17:36:45,992 __mp_main__ (lichess-bot.py:691) INFO 
2024-01-07 17:36:45,992 __mp_main__ (lichess-bot.py:692) INFO move: 9
2024-01-07 17:36:45,993 engine_wrapper (engine_wrapper.py:674) INFO Searching for wtime 297789 btime 289970 for game aftpxHLm
2024-01-07 17:36:45,993 engine_wrapper (engine_wrapper.py:297) INFO Source: Engine
2024-01-07 17:36:46,020 urllib3.connectionpool (connectionpool.py:546) DEBUG https://lichess.org:443 "POST /api/bot/game/aftpxHLm/move/b1c3?offeringDraw=false HTTP/1.1" 200 11
2024-01-07 17:36:46,021 __mp_main__ (lichess-bot.py:700) DEBUG Game state: {'type': 'gameState', 'moves': 'g1f3 b8c6 e2e3 e7e5 f3g1 g8f6 e1e2 f8d6 e2d3 e5e4 d3c3 f6d5 c3b3 e8g8 d1e1 f8e8 b1c3', 'wtime': 299760, 'btime': 289970, 'winc': 0, 'binc': 0, 'status': 'started'}
2024-01-07 17:36:50,161 __mp_main__ (lichess-bot.py:700) DEBUG Game state: {'type': 'gameState', 'moves': 'g1f3 b8c6 e2e3 e7e5 f3g1 g8f6 e1e2 f8d6 e2d3 e5e4 d3c3 f6d5 c3b3 e8g8 d1e1 f8e8 b1c3 d5b6', 'wtime': 299760, 'btime': 285830, 'winc': 0, 'binc': 0, 'status': 'started'}
2024-01-07 17:36:50,162 __mp_main__ (lichess-bot.py:691) INFO 
2024-01-07 17:36:50,162 __mp_main__ (lichess-bot.py:692) INFO move: 10
2024-01-07 17:36:50,163 engine_wrapper (engine_wrapper.py:674) INFO Searching for wtime 297760 btime 285830 for game aftpxHLm
2024-01-07 17:36:50,163 engine_wrapper (engine_wrapper.py:297) INFO Source: Engine
2024-01-07 17:36:50,188 urllib3.connectionpool (connectionpool.py:546) DEBUG https://lichess.org:443 "POST /api/bot/game/aftpxHLm/move/c3d5?offeringDraw=false HTTP/1.1" 200 11
2024-01-07 17:36:50,188 __mp_main__ (lichess-bot.py:700) DEBUG Game state: {'type': 'gameState', 'moves': 'g1f3 b8c6 e2e3 e7e5 f3g1 g8f6 e1e2 f8d6 e2d3 e5e4 d3c3 f6d5 c3b3 e8g8 d1e1 f8e8 b1c3 d5b6 c3d5', 'wtime': 299730, 'btime': 285830, 'winc': 0, 'binc': 0, 'status': 'started'}
2024-01-07 17:36:55,931 __mp_main__ (lichess-bot.py:700) DEBUG Game state: {'type': 'gameState', 'moves': 'g1f3 b8c6 e2e3 e7e5 f3g1 g8f6 e1e2 f8d6 e2d3 e5e4 d3c3 f6d5 c3b3 e8g8 d1e1 f8e8 b1c3 d5b6 c3d5 c6a5', 'wtime': 299730, 'btime': 280100, 'winc': 0, 'binc': 0, 'status': 'started'}
2024-01-07 17:36:55,932 __mp_main__ (lichess-bot.py:691) INFO 
2024-01-07 17:36:55,932 __mp_main__ (lichess-bot.py:692) INFO move: 11
2024-01-07 17:36:55,933 engine_wrapper (engine_wrapper.py:674) INFO Searching for wtime 297729 btime 280100 for game aftpxHLm
2024-01-07 17:36:55,933 engine_wrapper (engine_wrapper.py:297) INFO Source: Engine
2024-01-07 17:36:55,958 urllib3.connectionpool (connectionpool.py:546) DEBUG https://lichess.org:443 "POST /api/bot/game/aftpxHLm/move/b3c3?offeringDraw=false HTTP/1.1" 200 11
2024-01-07 17:36:55,959 __mp_main__ (lichess-bot.py:700) DEBUG Game state: {'type': 'gameState', 'moves': 'g1f3 b8c6 e2e3 e7e5 f3g1 g8f6 e1e2 f8d6 e2d3 e5e4 d3c3 f6d5 c3b3 e8g8 d1e1 f8e8 b1c3 d5b6 c3d5 c6a5 b3c3', 'wtime': 299690, 'btime': 280100, 'winc': 0, 'binc': 0, 'status': 'started'}
2024-01-07 17:37:02,353 __mp_main__ (lichess-bot.py:700) DEBUG Game state: {'type': 'gameState', 'moves': 'g1f3 b8c6 e2e3 e7e5 f3g1 g8f6 e1e2 f8d6 e2d3 e5e4 d3c3 f6d5 c3b3 e8g8 d1e1 f8e8 b1c3 d5b6 c3d5 c6a5 b3c3 b6a4', 'wtime': 299690, 'btime': 273710, 'winc': 0, 'binc': 0, 'status': 'started'}
2024-01-07 17:37:02,355 __mp_main__ (lichess-bot.py:691) INFO 
2024-01-07 17:37:02,356 __mp_main__ (lichess-bot.py:692) INFO move: 12
2024-01-07 17:37:02,356 engine_wrapper (engine_wrapper.py:674) INFO Searching for wtime 297689 btime 273710 for game aftpxHLm
2024-01-07 17:37:02,357 engine_wrapper (engine_wrapper.py:297) INFO Source: Engine
2024-01-07 17:37:02,385 urllib3.connectionpool (connectionpool.py:546) DEBUG https://lichess.org:443 "POST /api/bot/game/aftpxHLm/move/c3d4?offeringDraw=false HTTP/1.1" 200 11
2024-01-07 17:37:02,386 __mp_main__ (lichess-bot.py:700) DEBUG Game state: {'type': 'gameState', 'moves': 'g1f3 b8c6 e2e3 e7e5 f3g1 g8f6 e1e2 f8d6 e2d3 e5e4 d3c3 f6d5 c3b3 e8g8 d1e1 f8e8 b1c3 d5b6 c3d5 c6a5 b3c3 b6a4 c3d4', 'wtime': 299660, 'btime': 273710, 'winc': 0, 'binc': 0, 'status': 'started'}
2024-01-07 17:37:16,699 __mp_main__ (lichess-bot.py:700) DEBUG Game state: {'type': 'gameState', 'moves': 'g1f3 b8c6 e2e3 e7e5 f3g1 g8f6 e1e2 f8d6 e2d3 e5e4 d3c3 f6d5 c3b3 e8g8 d1e1 f8e8 b1c3 d5b6 c3d5 c6a5 b3c3 b6a4 c3d4 d6c5', 'wtime': 299660, 'btime': 259420, 'winc': 0, 'binc': 0, 'status': 'mate', 'winner': 'black'}
2024-01-07 17:37:16,701 __mp_main__ (lichess-bot.py:791) INFO munfish won!
2024-01-07 17:37:16,702 __mp_main__ (lichess-bot.py:802) INFO Game won by checkmate.
2024-01-07 17:37:16,702 conversation (conversation.py:83) INFO *** https://lichess.org/aftpxHLm/white [player] BeepDuel: Good game!
2024-01-07 17:37:16,706 urllib3.connectionpool (connectionpool.py:292) DEBUG Resetting dropped connection: lichess.org
2024-01-07 17:37:16,715 __main__ (lichess-bot.py:373) DEBUG Event: {'type': 'gameFinish', 'game': {'fullId': 'aftpxHLmYYWA', 'gameId': 'aftpxHLm', 'fen': 'r1bqr1k1/pppp1ppp/8/n1bN4/n2Kp3/4P3/PPPP1PPP/R1B1QBNR w - - 14 13', 'color': 'white', 'lastMove': 'd6c5', 'source': 'friend', 'status': {'id': 30, 'name': 'mate'}, 'variant': {'key': 'standard', 'name': 'Standard'}, 'speed': 'blitz', 'perf': 'blitz', 'rated': True, 'hasMoved': True, 'opponent': {'id': 'munfish', 'username': 'BOT munfish', 'rating': 1516, 'ratingDiff': 0}, 'isMyTurn': False, 'secondsLeft': 300, 'winner': 'black', 'ratingDiff': 0, 'compat': {'bot': True, 'board': True}, 'id': 'aftpxHLm'}}
2024-01-07 17:37:16,829 urllib3.connectionpool (connectionpool.py:546) DEBUG https://lichess.org:443 "POST /api/bot/game/aftpxHLm/chat HTTP/1.1" 200 11
2024-01-07 17:37:16,830 conversation (conversation.py:83) INFO *** https://lichess.org/aftpxHLm/white [spectator] BeepDuel: Thanks for watching!
2024-01-07 17:37:16,860 urllib3.connectionpool (connectionpool.py:546) DEBUG https://lichess.org:443 "POST /api/bot/game/aftpxHLm/chat HTTP/1.1" 200 11
2024-01-07 17:37:16,861 __mp_main__ (lichess-bot.py:765) INFO --- https://lichess.org/aftpxHLm/white Game over
2024-01-07 17:37:16,861 __main__ (lichess-bot.py:373) DEBUG Event: {'type': 'local_game_done', 'game': {'id': 'aftpxHLm', 'pgn': '', 'complete': True}}
2024-01-07 17:37:16,861 matchmaking (matchmaking.py:273) INFO Next challenge will be created after 17:38:35 (98 challenges in last 24 hours)
2024-01-07 17:37:16,862 __main__ (lichess-bot.py:257) INFO +++ Process Freed. Count: 0. IDs: None
2024-01-07 17:37:38,064 __mp_main__ (lichess-bot.py:68) DEBUG Received SIGINT. Terminating client.
